<?xml version="1.0" encoding="UTF-8"?>
<testsuite xmlns:xsi="http://www.w3.org/2001/XMLSchema-instance" xsi:noNamespaceSchemaLocation="https://maven.apache.org/surefire/maven-surefire-plugin/xsd/surefire-test-report-3.0.xsd" version="3.0" name="game.board.StandardBoard.MultiJumpRuleSetTest" time="0.098" tests="2" errors="0" skipped="0" failures="0">
  <properties>
[...]
</properties>
  <testcase name="testValidMultiJump" classname="game.board.StandardBoard.MultiJumpRuleSetTest" time="0.078">
    <system-err><![CDATA[Jan 18, 2025 10:34:33 PM rules.MultiJumpRuleSet canReachWithMultiJump
INFO: Visiting: java.awt.Point[x=12,y=12]
Jan 18, 2025 10:34:33 PM rules.MultiJumpRuleSet canReachWithMultiJump
INFO: Jumping from java.awt.Point[x=13,y=11] to java.awt.Point[x=12,y=10]
Jan 18, 2025 10:34:33 PM rules.MultiJumpRuleSet canReachWithMultiJump
INFO: Visiting: java.awt.Point[x=12,y=10]
Jan 18, 2025 10:34:33 PM rules.MultiJumpRuleSet canReachWithMultiJump
INFO: Jumping from java.awt.Point[x=13,y=11] to java.awt.Point[x=14,y=10]
Jan 18, 2025 10:34:33 PM rules.MultiJumpRuleSet canReachWithMultiJump
INFO: Visiting: java.awt.Point[x=14,y=10]
Jan 18, 2025 10:34:33 PM rules.MultiJumpRuleSet canReachWithMultiJump
INFO: Jumping from java.awt.Point[x=13,y=11] to java.awt.Point[x=11,y=11]
Jan 18, 2025 10:34:33 PM rules.MultiJumpRuleSet canReachWithMultiJump
INFO: Visiting: java.awt.Point[x=11,y=11]
Jan 18, 2025 10:34:33 PM rules.MultiJumpRuleSet canReachWithMultiJump
INFO: Jumping from java.awt.Point[x=10,y=12] to java.awt.Point[x=9,y=11]
Jan 18, 2025 10:34:33 PM rules.MultiJumpRuleSet canReachWithMultiJump
INFO: Visiting: java.awt.Point[x=9,y=11]
Jan 18, 2025 10:34:33 PM rules.MultiJumpRuleSet canReachWithMultiJump
INFO: Jumping from java.awt.Point[x=8,y=12] to java.awt.Point[x=7,y=11]
Jan 18, 2025 10:34:33 PM rules.MultiJumpRuleSet canReachWithMultiJump
INFO: Visiting: java.awt.Point[x=7,y=11]
Jan 18, 2025 10:34:33 PM rules.MultiJumpRuleSet canReachWithMultiJump
INFO: Jumping from java.awt.Point[x=8,y=12] to java.awt.Point[x=6,y=12]
Jan 18, 2025 10:34:33 PM rules.MultiJumpRuleSet canReachWithMultiJump
INFO: Visiting: java.awt.Point[x=6,y=12]
Jan 18, 2025 10:34:33 PM rules.MultiJumpRuleSet canReachWithMultiJump
INFO: Jumping from java.awt.Point[x=8,y=12] to java.awt.Point[x=6,y=12]
Jan 18, 2025 10:34:33 PM rules.MultiJumpRuleSet canReachWithMultiJump
INFO: Visiting: java.awt.Point[x=6,y=12]
Jan 18, 2025 10:34:33 PM rules.MultiJumpRuleSet canReachWithMultiJump
INFO: Jumping from java.awt.Point[x=8,y=12] to java.awt.Point[x=7,y=11]
Jan 18, 2025 10:34:33 PM rules.MultiJumpRuleSet canReachWithMultiJump
INFO: Visiting: java.awt.Point[x=7,y=11]
Jan 18, 2025 10:34:33 PM rules.MultiJumpRuleSet canReachWithMultiJump
INFO: Jumping from java.awt.Point[x=13,y=11] to java.awt.Point[x=15,y=11]
Jan 18, 2025 10:34:33 PM rules.MultiJumpRuleSet canReachWithMultiJump
INFO: Visiting: java.awt.Point[x=15,y=11]
Jan 18, 2025 10:34:33 PM rules.MultiJumpRuleSet canReachWithMultiJump
INFO: Jumping from java.awt.Point[x=16,y=12] to java.awt.Point[x=17,y=11]
Jan 18, 2025 10:34:33 PM rules.MultiJumpRuleSet canReachWithMultiJump
INFO: Visiting: java.awt.Point[x=17,y=11]
Jan 18, 2025 10:34:33 PM rules.MultiJumpRuleSet canReachWithMultiJump
INFO: Jumping from java.awt.Point[x=16,y=12] to java.awt.Point[x=18,y=12]
Jan 18, 2025 10:34:33 PM rules.MultiJumpRuleSet canReachWithMultiJump
INFO: Visiting: java.awt.Point[x=18,y=12]
Jan 18, 2025 10:34:33 PM rules.MultiJumpRuleSet canReachWithMultiJump
INFO: Jumping from java.awt.Point[x=16,y=12] to java.awt.Point[x=18,y=12]
Jan 18, 2025 10:34:33 PM rules.MultiJumpRuleSet canReachWithMultiJump
INFO: Visiting: java.awt.Point[x=18,y=12]
Jan 18, 2025 10:34:33 PM rules.MultiJumpRuleSet canReachWithMultiJump
INFO: Jumping from java.awt.Point[x=16,y=12] to java.awt.Point[x=17,y=11]
Jan 18, 2025 10:34:33 PM rules.MultiJumpRuleSet canReachWithMultiJump
INFO: Visiting: java.awt.Point[x=17,y=11]
Jan 18, 2025 10:34:33 PM rules.MultiJumpRuleSet canReachWithMultiJump
INFO: Jumping from java.awt.Point[x=13,y=11] to java.awt.Point[x=15,y=11]
Jan 18, 2025 10:34:33 PM rules.MultiJumpRuleSet canReachWithMultiJump
INFO: Visiting: java.awt.Point[x=15,y=11]
Jan 18, 2025 10:34:33 PM rules.MultiJumpRuleSet canReachWithMultiJump
INFO: Jumping from java.awt.Point[x=16,y=12] to java.awt.Point[x=17,y=11]
Jan 18, 2025 10:34:33 PM rules.MultiJumpRuleSet canReachWithMultiJump
INFO: Visiting: java.awt.Point[x=17,y=11]
Jan 18, 2025 10:34:33 PM rules.MultiJumpRuleSet canReachWithMultiJump
INFO: Jumping from java.awt.Point[x=16,y=12] to java.awt.Point[x=18,y=12]
Jan 18, 2025 10:34:33 PM rules.MultiJumpRuleSet canReachWithMultiJump
INFO: Visiting: java.awt.Point[x=18,y=12]
Jan 18, 2025 10:34:33 PM rules.MultiJumpRuleSet canReachWithMultiJump
INFO: Jumping from java.awt.Point[x=16,y=12] to java.awt.Point[x=18,y=12]
Jan 18, 2025 10:34:33 PM rules.MultiJumpRuleSet canReachWithMultiJump
INFO: Visiting: java.awt.Point[x=18,y=12]
Jan 18, 2025 10:34:33 PM rules.MultiJumpRuleSet canReachWithMultiJump
INFO: Jumping from java.awt.Point[x=16,y=12] to java.awt.Point[x=17,y=11]
Jan 18, 2025 10:34:33 PM rules.MultiJumpRuleSet canReachWithMultiJump
INFO: Visiting: java.awt.Point[x=17,y=11]
Jan 18, 2025 10:34:33 PM rules.MultiJumpRuleSet canReachWithMultiJump
INFO: Jumping from java.awt.Point[x=13,y=11] to java.awt.Point[x=11,y=11]
Jan 18, 2025 10:34:33 PM rules.MultiJumpRuleSet canReachWithMultiJump
INFO: Visiting: java.awt.Point[x=11,y=11]
Jan 18, 2025 10:34:33 PM rules.MultiJumpRuleSet canReachWithMultiJump
INFO: Jumping from java.awt.Point[x=10,y=12] to java.awt.Point[x=9,y=11]
Jan 18, 2025 10:34:33 PM rules.MultiJumpRuleSet canReachWithMultiJump
INFO: Visiting: java.awt.Point[x=9,y=11]
Jan 18, 2025 10:34:33 PM rules.MultiJumpRuleSet canReachWithMultiJump
INFO: Jumping from java.awt.Point[x=8,y=12] to java.awt.Point[x=7,y=11]
Jan 18, 2025 10:34:33 PM rules.MultiJumpRuleSet canReachWithMultiJump
INFO: Visiting: java.awt.Point[x=7,y=11]
Jan 18, 2025 10:34:33 PM rules.MultiJumpRuleSet canReachWithMultiJump
INFO: Jumping from java.awt.Point[x=8,y=12] to java.awt.Point[x=6,y=12]
Jan 18, 2025 10:34:33 PM rules.MultiJumpRuleSet canReachWithMultiJump
INFO: Visiting: java.awt.Point[x=6,y=12]
Jan 18, 2025 10:34:33 PM rules.MultiJumpRuleSet canReachWithMultiJump
INFO: Jumping from java.awt.Point[x=8,y=12] to java.awt.Point[x=6,y=12]
Jan 18, 2025 10:34:33 PM rules.MultiJumpRuleSet canReachWithMultiJump
INFO: Visiting: java.awt.Point[x=6,y=12]
Jan 18, 2025 10:34:33 PM rules.MultiJumpRuleSet canReachWithMultiJump
INFO: Jumping from java.awt.Point[x=8,y=12] to java.awt.Point[x=7,y=11]
Jan 18, 2025 10:34:33 PM rules.MultiJumpRuleSet canReachWithMultiJump
INFO: Visiting: java.awt.Point[x=7,y=11]
Jan 18, 2025 10:34:33 PM rules.MultiJumpRuleSet canReachWithMultiJump
INFO: Jumping from java.awt.Point[x=15,y=9] to java.awt.Point[x=14,y=8]
Jan 18, 2025 10:34:33 PM rules.MultiJumpRuleSet canReachWithMultiJump
INFO: Visiting: java.awt.Point[x=14,y=8]
Jan 18, 2025 10:34:33 PM rules.MultiJumpRuleSet canReachWithMultiJump
INFO: Jumping from java.awt.Point[x=15,y=9] to java.awt.Point[x=16,y=8]
Jan 18, 2025 10:34:33 PM rules.MultiJumpRuleSet canReachWithMultiJump
INFO: Reached end via jump: java.awt.Point[x=16,y=8]
]]></system-err>
  </testcase>
  <testcase name="testInvalidMultiJump" classname="game.board.StandardBoard.MultiJumpRuleSetTest" time="0.002"/>
</testsuite>